<?xml version="1.0" encoding="UTF-8"?>
<testsuite xmlns:xsi="http://www.w3.org/2001/XMLSchema-instance" xsi:noNamespaceSchemaLocation="https://maven.apache.org/surefire/maven-surefire-plugin/xsd/surefire-test-report-3.0.xsd" version="3.0" name="com.lanlan.cache.controller.CacheControllerTest" time="0.962" tests="5" errors="0" skipped="0" failures="0">
  <properties>
    <property name="java.specification.version" value="21"/>
    <property name="sun.cpu.isalist" value="amd64"/>
    <property name="sun.jnu.encoding" value="GBK"/>
    <property name="java.class.path" value="E:\desktop\spring-cloud\distributed-cache\cache-service\target\test-classes;E:\desktop\spring-cloud\distributed-cache\cache-service\target\classes;E:\desktop\spring-cloud\distributed-cache\cache-core\target\cache-core-1.0-SNAPSHOT.jar;E:\desktop\spring-cloud\repository\org\slf4j\slf4j-api\1.7.32\slf4j-api-1.7.32.jar;E:\desktop\spring-cloud\repository\org\springframework\boot\spring-boot-starter-web\2.5.5\spring-boot-starter-web-2.5.5.jar;E:\desktop\spring-cloud\repository\org\springframework\boot\spring-boot-starter\2.5.5\spring-boot-starter-2.5.5.jar;E:\desktop\spring-cloud\repository\org\springframework\boot\spring-boot\2.5.5\spring-boot-2.5.5.jar;E:\desktop\spring-cloud\repository\org\springframework\boot\spring-boot-autoconfigure\2.5.5\spring-boot-autoconfigure-2.5.5.jar;E:\desktop\spring-cloud\repository\org\springframework\boot\spring-boot-starter-logging\2.5.5\spring-boot-starter-logging-2.5.5.jar;E:\desktop\spring-cloud\repository\ch\qos\logback\logback-classic\1.2.6\logback-classic-1.2.6.jar;E:\desktop\spring-cloud\repository\ch\qos\logback\logback-core\1.2.6\logback-core-1.2.6.jar;E:\desktop\spring-cloud\repository\org\apache\logging\log4j\log4j-to-slf4j\2.14.1\log4j-to-slf4j-2.14.1.jar;E:\desktop\spring-cloud\repository\org\apache\logging\log4j\log4j-api\2.14.1\log4j-api-2.14.1.jar;E:\desktop\spring-cloud\repository\org\slf4j\jul-to-slf4j\1.7.32\jul-to-slf4j-1.7.32.jar;E:\desktop\spring-cloud\repository\jakarta\annotation\jakarta.annotation-api\1.3.5\jakarta.annotation-api-1.3.5.jar;E:\desktop\spring-cloud\repository\org\yaml\snakeyaml\1.28\snakeyaml-1.28.jar;E:\desktop\spring-cloud\repository\org\springframework\boot\spring-boot-starter-json\2.5.5\spring-boot-starter-json-2.5.5.jar;E:\desktop\spring-cloud\repository\com\fasterxml\jackson\core\jackson-databind\2.12.5\jackson-databind-2.12.5.jar;E:\desktop\spring-cloud\repository\com\fasterxml\jackson\core\jackson-annotations\2.12.5\jackson-annotations-2.12.5.jar;E:\desktop\spring-cloud\repository\com\fasterxml\jackson\core\jackson-core\2.12.5\jackson-core-2.12.5.jar;E:\desktop\spring-cloud\repository\com\fasterxml\jackson\datatype\jackson-datatype-jdk8\2.12.5\jackson-datatype-jdk8-2.12.5.jar;E:\desktop\spring-cloud\repository\com\fasterxml\jackson\datatype\jackson-datatype-jsr310\2.12.5\jackson-datatype-jsr310-2.12.5.jar;E:\desktop\spring-cloud\repository\com\fasterxml\jackson\module\jackson-module-parameter-names\2.12.5\jackson-module-parameter-names-2.12.5.jar;E:\desktop\spring-cloud\repository\org\springframework\boot\spring-boot-starter-tomcat\2.5.5\spring-boot-starter-tomcat-2.5.5.jar;E:\desktop\spring-cloud\repository\org\apache\tomcat\embed\tomcat-embed-core\9.0.53\tomcat-embed-core-9.0.53.jar;E:\desktop\spring-cloud\repository\org\apache\tomcat\embed\tomcat-embed-el\9.0.53\tomcat-embed-el-9.0.53.jar;E:\desktop\spring-cloud\repository\org\apache\tomcat\embed\tomcat-embed-websocket\9.0.53\tomcat-embed-websocket-9.0.53.jar;E:\desktop\spring-cloud\repository\org\springframework\spring-web\5.3.10\spring-web-5.3.10.jar;E:\desktop\spring-cloud\repository\org\springframework\spring-beans\5.3.10\spring-beans-5.3.10.jar;E:\desktop\spring-cloud\repository\org\springframework\spring-webmvc\5.3.10\spring-webmvc-5.3.10.jar;E:\desktop\spring-cloud\repository\org\springframework\spring-aop\5.3.10\spring-aop-5.3.10.jar;E:\desktop\spring-cloud\repository\org\springframework\spring-context\5.3.10\spring-context-5.3.10.jar;E:\desktop\spring-cloud\repository\org\springframework\spring-expression\5.3.10\spring-expression-5.3.10.jar;E:\desktop\spring-cloud\repository\org\springframework\boot\spring-boot-starter-test\2.5.5\spring-boot-starter-test-2.5.5.jar;E:\desktop\spring-cloud\repository\org\springframework\boot\spring-boot-test\2.5.5\spring-boot-test-2.5.5.jar;E:\desktop\spring-cloud\repository\org\springframework\boot\spring-boot-test-autoconfigure\2.5.5\spring-boot-test-autoconfigure-2.5.5.jar;E:\desktop\spring-cloud\repository\com\jayway\jsonpath\json-path\2.5.0\json-path-2.5.0.jar;E:\desktop\spring-cloud\repository\net\minidev\json-smart\2.4.7\json-smart-2.4.7.jar;E:\desktop\spring-cloud\repository\net\minidev\accessors-smart\2.4.7\accessors-smart-2.4.7.jar;E:\desktop\spring-cloud\repository\org\ow2\asm\asm\9.1\asm-9.1.jar;E:\desktop\spring-cloud\repository\jakarta\xml\bind\jakarta.xml.bind-api\2.3.3\jakarta.xml.bind-api-2.3.3.jar;E:\desktop\spring-cloud\repository\jakarta\activation\jakarta.activation-api\1.2.2\jakarta.activation-api-1.2.2.jar;E:\desktop\spring-cloud\repository\org\assertj\assertj-core\3.19.0\assertj-core-3.19.0.jar;E:\desktop\spring-cloud\repository\org\hamcrest\hamcrest\2.2\hamcrest-2.2.jar;E:\desktop\spring-cloud\repository\org\junit\jupiter\junit-jupiter\5.7.2\junit-jupiter-5.7.2.jar;E:\desktop\spring-cloud\repository\org\junit\jupiter\junit-jupiter-api\5.7.2\junit-jupiter-api-5.7.2.jar;E:\desktop\spring-cloud\repository\org\apiguardian\apiguardian-api\1.1.0\apiguardian-api-1.1.0.jar;E:\desktop\spring-cloud\repository\org\opentest4j\opentest4j\1.2.0\opentest4j-1.2.0.jar;E:\desktop\spring-cloud\repository\org\junit\platform\junit-platform-commons\1.7.2\junit-platform-commons-1.7.2.jar;E:\desktop\spring-cloud\repository\org\junit\jupiter\junit-jupiter-params\5.7.2\junit-jupiter-params-5.7.2.jar;E:\desktop\spring-cloud\repository\org\junit\jupiter\junit-jupiter-engine\5.7.2\junit-jupiter-engine-5.7.2.jar;E:\desktop\spring-cloud\repository\org\junit\platform\junit-platform-engine\1.7.2\junit-platform-engine-1.7.2.jar;E:\desktop\spring-cloud\repository\org\mockito\mockito-core\3.11.2\mockito-core-3.11.2.jar;E:\desktop\spring-cloud\repository\net\bytebuddy\byte-buddy\1.10.22\byte-buddy-1.10.22.jar;E:\desktop\spring-cloud\repository\net\bytebuddy\byte-buddy-agent\1.10.22\byte-buddy-agent-1.10.22.jar;E:\desktop\spring-cloud\repository\org\objenesis\objenesis\3.2\objenesis-3.2.jar;E:\desktop\spring-cloud\repository\org\mockito\mockito-junit-jupiter\3.9.0\mockito-junit-jupiter-3.9.0.jar;E:\desktop\spring-cloud\repository\org\skyscreamer\jsonassert\1.5.0\jsonassert-1.5.0.jar;E:\desktop\spring-cloud\repository\com\vaadin\external\google\android-json\0.0.20131108.vaadin1\android-json-0.0.20131108.vaadin1.jar;E:\desktop\spring-cloud\repository\org\springframework\spring-core\5.3.10\spring-core-5.3.10.jar;E:\desktop\spring-cloud\repository\org\springframework\spring-jcl\5.3.10\spring-jcl-5.3.10.jar;E:\desktop\spring-cloud\repository\org\springframework\spring-test\5.3.10\spring-test-5.3.10.jar;E:\desktop\spring-cloud\repository\org\xmlunit\xmlunit-core\2.8.2\xmlunit-core-2.8.2.jar;"/>
    <property name="java.vm.vendor" value="Oracle Corporation"/>
    <property name="sun.arch.data.model" value="64"/>
    <property name="user.variant" value=""/>
    <property name="java.vendor.url" value="https://java.oracle.com/"/>
    <property name="user.timezone" value="Europe/London"/>
    <property name="os.name" value="Windows 10"/>
    <property name="java.vm.specification.version" value="21"/>
    <property name="sun.java.launcher" value="SUN_STANDARD"/>
    <property name="user.country" value="CN"/>
    <property name="sun.boot.library.path" value="E:\Program Files\Java\jdk-21\bin"/>
    <property name="sun.java.command" value="C:\Users\Leland\AppData\Local\Temp\surefire3307102697804222343\surefirebooter7848716632811627977.jar C:\Users\Leland\AppData\Local\Temp\surefire3307102697804222343 2024-07-17T18-03-29_463-jvmRun1 surefire8578860541705547002tmp surefire_14291446069070105460tmp"/>
    <property name="jdk.debug" value="release"/>
    <property name="surefire.test.class.path" value="E:\desktop\spring-cloud\distributed-cache\cache-service\target\test-classes;E:\desktop\spring-cloud\distributed-cache\cache-service\target\classes;E:\desktop\spring-cloud\distributed-cache\cache-core\target\cache-core-1.0-SNAPSHOT.jar;E:\desktop\spring-cloud\repository\org\slf4j\slf4j-api\1.7.32\slf4j-api-1.7.32.jar;E:\desktop\spring-cloud\repository\org\springframework\boot\spring-boot-starter-web\2.5.5\spring-boot-starter-web-2.5.5.jar;E:\desktop\spring-cloud\repository\org\springframework\boot\spring-boot-starter\2.5.5\spring-boot-starter-2.5.5.jar;E:\desktop\spring-cloud\repository\org\springframework\boot\spring-boot\2.5.5\spring-boot-2.5.5.jar;E:\desktop\spring-cloud\repository\org\springframework\boot\spring-boot-autoconfigure\2.5.5\spring-boot-autoconfigure-2.5.5.jar;E:\desktop\spring-cloud\repository\org\springframework\boot\spring-boot-starter-logging\2.5.5\spring-boot-starter-logging-2.5.5.jar;E:\desktop\spring-cloud\repository\ch\qos\logback\logback-classic\1.2.6\logback-classic-1.2.6.jar;E:\desktop\spring-cloud\repository\ch\qos\logback\logback-core\1.2.6\logback-core-1.2.6.jar;E:\desktop\spring-cloud\repository\org\apache\logging\log4j\log4j-to-slf4j\2.14.1\log4j-to-slf4j-2.14.1.jar;E:\desktop\spring-cloud\repository\org\apache\logging\log4j\log4j-api\2.14.1\log4j-api-2.14.1.jar;E:\desktop\spring-cloud\repository\org\slf4j\jul-to-slf4j\1.7.32\jul-to-slf4j-1.7.32.jar;E:\desktop\spring-cloud\repository\jakarta\annotation\jakarta.annotation-api\1.3.5\jakarta.annotation-api-1.3.5.jar;E:\desktop\spring-cloud\repository\org\yaml\snakeyaml\1.28\snakeyaml-1.28.jar;E:\desktop\spring-cloud\repository\org\springframework\boot\spring-boot-starter-json\2.5.5\spring-boot-starter-json-2.5.5.jar;E:\desktop\spring-cloud\repository\com\fasterxml\jackson\core\jackson-databind\2.12.5\jackson-databind-2.12.5.jar;E:\desktop\spring-cloud\repository\com\fasterxml\jackson\core\jackson-annotations\2.12.5\jackson-annotations-2.12.5.jar;E:\desktop\spring-cloud\repository\com\fasterxml\jackson\core\jackson-core\2.12.5\jackson-core-2.12.5.jar;E:\desktop\spring-cloud\repository\com\fasterxml\jackson\datatype\jackson-datatype-jdk8\2.12.5\jackson-datatype-jdk8-2.12.5.jar;E:\desktop\spring-cloud\repository\com\fasterxml\jackson\datatype\jackson-datatype-jsr310\2.12.5\jackson-datatype-jsr310-2.12.5.jar;E:\desktop\spring-cloud\repository\com\fasterxml\jackson\module\jackson-module-parameter-names\2.12.5\jackson-module-parameter-names-2.12.5.jar;E:\desktop\spring-cloud\repository\org\springframework\boot\spring-boot-starter-tomcat\2.5.5\spring-boot-starter-tomcat-2.5.5.jar;E:\desktop\spring-cloud\repository\org\apache\tomcat\embed\tomcat-embed-core\9.0.53\tomcat-embed-core-9.0.53.jar;E:\desktop\spring-cloud\repository\org\apache\tomcat\embed\tomcat-embed-el\9.0.53\tomcat-embed-el-9.0.53.jar;E:\desktop\spring-cloud\repository\org\apache\tomcat\embed\tomcat-embed-websocket\9.0.53\tomcat-embed-websocket-9.0.53.jar;E:\desktop\spring-cloud\repository\org\springframework\spring-web\5.3.10\spring-web-5.3.10.jar;E:\desktop\spring-cloud\repository\org\springframework\spring-beans\5.3.10\spring-beans-5.3.10.jar;E:\desktop\spring-cloud\repository\org\springframework\spring-webmvc\5.3.10\spring-webmvc-5.3.10.jar;E:\desktop\spring-cloud\repository\org\springframework\spring-aop\5.3.10\spring-aop-5.3.10.jar;E:\desktop\spring-cloud\repository\org\springframework\spring-context\5.3.10\spring-context-5.3.10.jar;E:\desktop\spring-cloud\repository\org\springframework\spring-expression\5.3.10\spring-expression-5.3.10.jar;E:\desktop\spring-cloud\repository\org\springframework\boot\spring-boot-starter-test\2.5.5\spring-boot-starter-test-2.5.5.jar;E:\desktop\spring-cloud\repository\org\springframework\boot\spring-boot-test\2.5.5\spring-boot-test-2.5.5.jar;E:\desktop\spring-cloud\repository\org\springframework\boot\spring-boot-test-autoconfigure\2.5.5\spring-boot-test-autoconfigure-2.5.5.jar;E:\desktop\spring-cloud\repository\com\jayway\jsonpath\json-path\2.5.0\json-path-2.5.0.jar;E:\desktop\spring-cloud\repository\net\minidev\json-smart\2.4.7\json-smart-2.4.7.jar;E:\desktop\spring-cloud\repository\net\minidev\accessors-smart\2.4.7\accessors-smart-2.4.7.jar;E:\desktop\spring-cloud\repository\org\ow2\asm\asm\9.1\asm-9.1.jar;E:\desktop\spring-cloud\repository\jakarta\xml\bind\jakarta.xml.bind-api\2.3.3\jakarta.xml.bind-api-2.3.3.jar;E:\desktop\spring-cloud\repository\jakarta\activation\jakarta.activation-api\1.2.2\jakarta.activation-api-1.2.2.jar;E:\desktop\spring-cloud\repository\org\assertj\assertj-core\3.19.0\assertj-core-3.19.0.jar;E:\desktop\spring-cloud\repository\org\hamcrest\hamcrest\2.2\hamcrest-2.2.jar;E:\desktop\spring-cloud\repository\org\junit\jupiter\junit-jupiter\5.7.2\junit-jupiter-5.7.2.jar;E:\desktop\spring-cloud\repository\org\junit\jupiter\junit-jupiter-api\5.7.2\junit-jupiter-api-5.7.2.jar;E:\desktop\spring-cloud\repository\org\apiguardian\apiguardian-api\1.1.0\apiguardian-api-1.1.0.jar;E:\desktop\spring-cloud\repository\org\opentest4j\opentest4j\1.2.0\opentest4j-1.2.0.jar;E:\desktop\spring-cloud\repository\org\junit\platform\junit-platform-commons\1.7.2\junit-platform-commons-1.7.2.jar;E:\desktop\spring-cloud\repository\org\junit\jupiter\junit-jupiter-params\5.7.2\junit-jupiter-params-5.7.2.jar;E:\desktop\spring-cloud\repository\org\junit\jupiter\junit-jupiter-engine\5.7.2\junit-jupiter-engine-5.7.2.jar;E:\desktop\spring-cloud\repository\org\junit\platform\junit-platform-engine\1.7.2\junit-platform-engine-1.7.2.jar;E:\desktop\spring-cloud\repository\org\mockito\mockito-core\3.11.2\mockito-core-3.11.2.jar;E:\desktop\spring-cloud\repository\net\bytebuddy\byte-buddy\1.10.22\byte-buddy-1.10.22.jar;E:\desktop\spring-cloud\repository\net\bytebuddy\byte-buddy-agent\1.10.22\byte-buddy-agent-1.10.22.jar;E:\desktop\spring-cloud\repository\org\objenesis\objenesis\3.2\objenesis-3.2.jar;E:\desktop\spring-cloud\repository\org\mockito\mockito-junit-jupiter\3.9.0\mockito-junit-jupiter-3.9.0.jar;E:\desktop\spring-cloud\repository\org\skyscreamer\jsonassert\1.5.0\jsonassert-1.5.0.jar;E:\desktop\spring-cloud\repository\com\vaadin\external\google\android-json\0.0.20131108.vaadin1\android-json-0.0.20131108.vaadin1.jar;E:\desktop\spring-cloud\repository\org\springframework\spring-core\5.3.10\spring-core-5.3.10.jar;E:\desktop\spring-cloud\repository\org\springframework\spring-jcl\5.3.10\spring-jcl-5.3.10.jar;E:\desktop\spring-cloud\repository\org\springframework\spring-test\5.3.10\spring-test-5.3.10.jar;E:\desktop\spring-cloud\repository\org\xmlunit\xmlunit-core\2.8.2\xmlunit-core-2.8.2.jar;"/>
    <property name="sun.cpu.endian" value="little"/>
    <property name="user.home" value="C:\Users\Leland"/>
    <property name="user.language" value="zh"/>
    <property name="java.specification.vendor" value="Oracle Corporation"/>
    <property name="java.version.date" value="2024-01-16"/>
    <property name="java.home" value="E:\Program Files\Java\jdk-21"/>
    <property name="file.separator" value="\"/>
    <property name="basedir" value="E:\desktop\spring-cloud\distributed-cache\cache-service"/>
    <property name="java.vm.compressedOopsMode" value="Zero based"/>
    <property name="line.separator" value="&#10;"/>
    <property name="java.vm.specification.vendor" value="Oracle Corporation"/>
    <property name="java.specification.name" value="Java Platform API Specification"/>
    <property name="surefire.real.class.path" value="C:\Users\Leland\AppData\Local\Temp\surefire3307102697804222343\surefirebooter7848716632811627977.jar"/>
    <property name="user.script" value=""/>
    <property name="sun.management.compiler" value="HotSpot 64-Bit Tiered Compilers"/>
    <property name="java.runtime.version" value="21.0.2+13-LTS-58"/>
    <property name="user.name" value="Leland"/>
    <property name="stdout.encoding" value="GBK"/>
    <property name="path.separator" value=";"/>
    <property name="os.version" value="10.0"/>
    <property name="java.runtime.name" value="Java(TM) SE Runtime Environment"/>
    <property name="file.encoding" value="UTF-8"/>
    <property name="java.vm.name" value="Java HotSpot(TM) 64-Bit Server VM"/>
    <property name="localRepository" value="E:\desktop\spring-cloud\repository"/>
    <property name="java.vendor.url.bug" value="https://bugreport.java.com/bugreport/"/>
    <property name="java.io.tmpdir" value="C:\Users\Leland\AppData\Local\Temp\"/>
    <property name="java.version" value="21.0.2"/>
    <property name="user.dir" value="E:\desktop\spring-cloud\distributed-cache\cache-service"/>
    <property name="os.arch" value="amd64"/>
    <property name="java.vm.specification.name" value="Java Virtual Machine Specification"/>
    <property name="sun.os.patch.level" value=""/>
    <property name="native.encoding" value="GBK"/>
    <property name="java.library.path" value="E:\Program Files\Java\jdk-21\bin;C:\Windows\Sun\Java\bin;C:\Windows\system32;C:\Windows;C:\Program Files\Microsoft MPI\Bin\;D:\Program Files\Java\jdk-17\bin;C:\Python311\Scripts\;C:\Python311\;D:\Program Files\ImageMagick-7.1.0-Q16-HDRI;C:\Program Files\Common Files\Oracle\Java\javapath;E:\Program Files (x86)\VMware\bin\;C:\Program Files (x86)\Common Files\Oracle\Java\javapath;C:\Windows\system32;C:\Windows;C:\Windows\System32\Wbem;C:\Windows\System32\WindowsPowerShell\v1.0\;C:\Windows\System32\OpenSSH\;E:\0SDE\java_install\apache-maven-3.8.2\bin;C:\Program Files\Microsoft SQL Server\150\Tools\Binn\;C:\Program Files\dotnet\;C:\Program Files\Microsoft SQL Server\Client SDK\ODBC\170\Tools\Binn\;C:\Program Files\MySQL\MySQL Server 8.0\bin\;D:\Program Files (x86)\Rational\Common;C:\ProgramData\chocolatey\bin;D:\Program Files\PuTTY\;D:\Program Files (x86)\Gpg4win\..\GnuPG\bin;D:\GitFile\Git\cmd;E:\Program Files (x86)\ffmpeg\bin;E:\ProgramData\Anaconda3\condabin;E:\ProgramData\Anaconda3;E:\ProgramData\Anaconda3\Scripts;E:\ProgramData\Anaconda3\Library\bin;C:\Users\Leland\AppData\Roaming\local\bin;C:\Program Files\Java\jdk-18.0.1.1\bin;C:\Users\Leland\AppData\Roaming\Python\Python310\Scripts;C:\Program Files\Pandoc\;C:\wget;D:\Program Files\nodejs\;C:\Users\Leland\AppData\Local\Microsoft\WindowsApps;C:\Program Files\Mullvad VPN\resources;F:\Program Files\Kubernetes\Minikube;E:\Program Files\Amazon\AWSSAMCLI\bin\;E:\Program Files (x86)\PowerShell\7\;E:\Program Files\Java\jdk-21\bin;C:\Windows\System32\OpenSSH;C:\Program Files\Docker\Docker\resources\bin;E:\Program Files\Go\bin;C:\Program Files (x86)\sbt\bin;C:\Program Files\Amazon\AWSCLIV2\;C:\Program Files\MySQL\MySQL Shell 8.0\bin\;C:\Program Files\Java\jdk1.8.0_291\bin;C:\Program Files\Java\jdk1.8.0_291\jre\bin;D:\Program Files\JetBrains\IntelliJ IDEA 2021\bin;d:\Program Files\JetBrains\WebStorm 2021.1.2\bin;C:\Users\Leland\AppData\Local\GitHubDesktop\bin;D:\Program Files\JetBrains\PyCharm 2020.3.5\bin;D:\Program Files\JetBrains\DataGrip 2021.1.3\bin;C:\Users\Leland\.dotnet\tools;C:\Users\Leland\AppData\Roaming\cabal\bin;C:\Users\Leland\AppData\Local\Programs\Microsoft VS Code\bin;E:\Program Files (x86)\ffmpeg\bin;D:\Program Files\Fiddler;C:\Users\Leland\AppData\Roaming\npm;D:\Program Files\Java\jdk-17\bin;D:\Program Files\JetBrains\IntelliJ IDEA 2023.1.2\bin;;E:\Program Files\Java\jdk-21\bin;C:\Users\Leland\go\bin;e:\Program Files\JetBrains\GoLand\bin;;E:\Program Files\JetBrains\PyCharm 2023.3.5\bin;;C:\Users\Leland\AppData\Local\Coursier\data\bin;E:\Program Files\JetBrains\IntelliJ IDEA 2024.1.2\bin;;."/>
    <property name="java.vm.info" value="mixed mode, sharing"/>
    <property name="stderr.encoding" value="GBK"/>
    <property name="java.vendor" value="Oracle Corporation"/>
    <property name="java.vm.version" value="21.0.2+13-LTS-58"/>
    <property name="sun.io.unicode.encoding" value="UnicodeLittle"/>
    <property name="java.class.version" value="65.0"/>
  </properties>
  <testcase name="testGetStats" classname="com.lanlan.cache.controller.CacheControllerTest" time="0.905"/>
  <testcase name="testPut" classname="com.lanlan.cache.controller.CacheControllerTest" time="0.018"/>
  <testcase name="testGetNonExistentKey" classname="com.lanlan.cache.controller.CacheControllerTest" time="0.002"/>
  <testcase name="testGetExistingKey" classname="com.lanlan.cache.controller.CacheControllerTest" time="0.002"/>
  <testcase name="testRemove" classname="com.lanlan.cache.controller.CacheControllerTest" time="0.001"/>
</testsuite>