<?xml version="1.0" encoding="UTF-8"?>
<testsuite xmlns:xsi="http://www.w3.org/2001/XMLSchema-instance" xsi:noNamespaceSchemaLocation="https://maven.apache.org/surefire/maven-surefire-plugin/xsd/surefire-test-report-3.0.xsd" version="3.0" name="com.lanlan.cachecommon.CacheCommonApplicationTests" time="2.513" tests="1" errors="0" skipped="0" failures="0">
  <properties>
    <property name="java.specification.version" value="18"/>
    <property name="sun.cpu.isalist" value="amd64"/>
    <property name="sun.jnu.encoding" value="GBK"/>
    <property name="java.class.path" value="E:\desktop\spring-cloud\distributed-cache\cache-common\target\test-classes;E:\desktop\spring-cloud\distributed-cache\cache-common\target\classes;E:\0SDE\java_install\repository\org\springframework\boot\spring-boot-starter\2.5.5\spring-boot-starter-2.5.5.jar;E:\0SDE\java_install\repository\org\springframework\boot\spring-boot\2.5.5\spring-boot-2.5.5.jar;E:\0SDE\java_install\repository\org\springframework\spring-context\5.3.10\spring-context-5.3.10.jar;E:\0SDE\java_install\repository\org\springframework\spring-aop\5.3.10\spring-aop-5.3.10.jar;E:\0SDE\java_install\repository\org\springframework\spring-beans\5.3.10\spring-beans-5.3.10.jar;E:\0SDE\java_install\repository\org\springframework\spring-expression\5.3.10\spring-expression-5.3.10.jar;E:\0SDE\java_install\repository\org\springframework\boot\spring-boot-autoconfigure\2.5.5\spring-boot-autoconfigure-2.5.5.jar;E:\0SDE\java_install\repository\org\springframework\boot\spring-boot-starter-logging\2.5.5\spring-boot-starter-logging-2.5.5.jar;E:\0SDE\java_install\repository\ch\qos\logback\logback-classic\1.2.6\logback-classic-1.2.6.jar;E:\0SDE\java_install\repository\ch\qos\logback\logback-core\1.2.6\logback-core-1.2.6.jar;E:\0SDE\java_install\repository\org\apache\logging\log4j\log4j-to-slf4j\2.14.1\log4j-to-slf4j-2.14.1.jar;E:\0SDE\java_install\repository\org\apache\logging\log4j\log4j-api\2.14.1\log4j-api-2.14.1.jar;E:\0SDE\java_install\repository\org\slf4j\jul-to-slf4j\1.7.32\jul-to-slf4j-1.7.32.jar;E:\0SDE\java_install\repository\jakarta\annotation\jakarta.annotation-api\1.3.5\jakarta.annotation-api-1.3.5.jar;E:\0SDE\java_install\repository\org\springframework\spring-core\5.3.10\spring-core-5.3.10.jar;E:\0SDE\java_install\repository\org\springframework\spring-jcl\5.3.10\spring-jcl-5.3.10.jar;E:\0SDE\java_install\repository\org\yaml\snakeyaml\1.28\snakeyaml-1.28.jar;E:\0SDE\java_install\repository\org\springframework\boot\spring-boot-starter-validation\2.5.5\spring-boot-starter-validation-2.5.5.jar;E:\0SDE\java_install\repository\org\apache\tomcat\embed\tomcat-embed-el\9.0.53\tomcat-embed-el-9.0.53.jar;E:\0SDE\java_install\repository\org\hibernate\validator\hibernate-validator\6.2.0.Final\hibernate-validator-6.2.0.Final.jar;E:\0SDE\java_install\repository\jakarta\validation\jakarta.validation-api\2.0.2\jakarta.validation-api-2.0.2.jar;E:\0SDE\java_install\repository\org\jboss\logging\jboss-logging\3.4.2.Final\jboss-logging-3.4.2.Final.jar;E:\0SDE\java_install\repository\com\fasterxml\classmate\1.5.1\classmate-1.5.1.jar;E:\0SDE\java_install\repository\org\springframework\boot\spring-boot-starter-test\2.5.5\spring-boot-starter-test-2.5.5.jar;E:\0SDE\java_install\repository\org\springframework\boot\spring-boot-test\2.5.5\spring-boot-test-2.5.5.jar;E:\0SDE\java_install\repository\org\springframework\boot\spring-boot-test-autoconfigure\2.5.5\spring-boot-test-autoconfigure-2.5.5.jar;E:\0SDE\java_install\repository\com\jayway\jsonpath\json-path\2.5.0\json-path-2.5.0.jar;E:\0SDE\java_install\repository\net\minidev\json-smart\2.4.7\json-smart-2.4.7.jar;E:\0SDE\java_install\repository\net\minidev\accessors-smart\2.4.7\accessors-smart-2.4.7.jar;E:\0SDE\java_install\repository\org\ow2\asm\asm\9.1\asm-9.1.jar;E:\0SDE\java_install\repository\org\slf4j\slf4j-api\1.7.32\slf4j-api-1.7.32.jar;E:\0SDE\java_install\repository\jakarta\xml\bind\jakarta.xml.bind-api\2.3.3\jakarta.xml.bind-api-2.3.3.jar;E:\0SDE\java_install\repository\jakarta\activation\jakarta.activation-api\1.2.2\jakarta.activation-api-1.2.2.jar;E:\0SDE\java_install\repository\org\assertj\assertj-core\3.19.0\assertj-core-3.19.0.jar;E:\0SDE\java_install\repository\org\hamcrest\hamcrest\2.2\hamcrest-2.2.jar;E:\0SDE\java_install\repository\org\junit\jupiter\junit-jupiter\5.7.2\junit-jupiter-5.7.2.jar;E:\0SDE\java_install\repository\org\junit\jupiter\junit-jupiter-api\5.7.2\junit-jupiter-api-5.7.2.jar;E:\0SDE\java_install\repository\org\apiguardian\apiguardian-api\1.1.0\apiguardian-api-1.1.0.jar;E:\0SDE\java_install\repository\org\opentest4j\opentest4j\1.2.0\opentest4j-1.2.0.jar;E:\0SDE\java_install\repository\org\junit\platform\junit-platform-commons\1.7.2\junit-platform-commons-1.7.2.jar;E:\0SDE\java_install\repository\org\junit\jupiter\junit-jupiter-params\5.7.2\junit-jupiter-params-5.7.2.jar;E:\0SDE\java_install\repository\org\junit\jupiter\junit-jupiter-engine\5.7.2\junit-jupiter-engine-5.7.2.jar;E:\0SDE\java_install\repository\org\junit\platform\junit-platform-engine\1.7.2\junit-platform-engine-1.7.2.jar;E:\0SDE\java_install\repository\org\mockito\mockito-core\3.11.2\mockito-core-3.11.2.jar;E:\0SDE\java_install\repository\net\bytebuddy\byte-buddy\1.10.22\byte-buddy-1.10.22.jar;E:\0SDE\java_install\repository\net\bytebuddy\byte-buddy-agent\1.10.22\byte-buddy-agent-1.10.22.jar;E:\0SDE\java_install\repository\org\objenesis\objenesis\3.2\objenesis-3.2.jar;E:\0SDE\java_install\repository\org\mockito\mockito-junit-jupiter\3.9.0\mockito-junit-jupiter-3.9.0.jar;E:\0SDE\java_install\repository\org\skyscreamer\jsonassert\1.5.0\jsonassert-1.5.0.jar;E:\0SDE\java_install\repository\com\vaadin\external\google\android-json\0.0.20131108.vaadin1\android-json-0.0.20131108.vaadin1.jar;E:\0SDE\java_install\repository\org\springframework\spring-test\5.3.10\spring-test-5.3.10.jar;E:\0SDE\java_install\repository\org\xmlunit\xmlunit-core\2.8.2\xmlunit-core-2.8.2.jar;"/>
    <property name="java.vm.vendor" value="Oracle Corporation"/>
    <property name="sun.arch.data.model" value="64"/>
    <property name="user.variant" value=""/>
    <property name="java.vendor.url" value="https://java.oracle.com/"/>
    <property name="user.timezone" value="Europe/London"/>
    <property name="os.name" value="Windows 10"/>
    <property name="java.vm.specification.version" value="18"/>
    <property name="sun.java.launcher" value="SUN_STANDARD"/>
    <property name="user.country" value="CN"/>
    <property name="sun.boot.library.path" value="C:\Program Files\Java\jdk-18.0.1.1\bin"/>
    <property name="sun.java.command" value="C:\Users\Leland\AppData\Local\Temp\surefire6080469969861675625\surefirebooter14705332840801924988.jar C:\Users\Leland\AppData\Local\Temp\surefire6080469969861675625 2024-07-16T12-17-25_393-jvmRun1 surefire16798515932387225877tmp surefire_016007342975167397276tmp"/>
    <property name="jdk.debug" value="release"/>
    <property name="surefire.test.class.path" value="E:\desktop\spring-cloud\distributed-cache\cache-common\target\test-classes;E:\desktop\spring-cloud\distributed-cache\cache-common\target\classes;E:\0SDE\java_install\repository\org\springframework\boot\spring-boot-starter\2.5.5\spring-boot-starter-2.5.5.jar;E:\0SDE\java_install\repository\org\springframework\boot\spring-boot\2.5.5\spring-boot-2.5.5.jar;E:\0SDE\java_install\repository\org\springframework\spring-context\5.3.10\spring-context-5.3.10.jar;E:\0SDE\java_install\repository\org\springframework\spring-aop\5.3.10\spring-aop-5.3.10.jar;E:\0SDE\java_install\repository\org\springframework\spring-beans\5.3.10\spring-beans-5.3.10.jar;E:\0SDE\java_install\repository\org\springframework\spring-expression\5.3.10\spring-expression-5.3.10.jar;E:\0SDE\java_install\repository\org\springframework\boot\spring-boot-autoconfigure\2.5.5\spring-boot-autoconfigure-2.5.5.jar;E:\0SDE\java_install\repository\org\springframework\boot\spring-boot-starter-logging\2.5.5\spring-boot-starter-logging-2.5.5.jar;E:\0SDE\java_install\repository\ch\qos\logback\logback-classic\1.2.6\logback-classic-1.2.6.jar;E:\0SDE\java_install\repository\ch\qos\logback\logback-core\1.2.6\logback-core-1.2.6.jar;E:\0SDE\java_install\repository\org\apache\logging\log4j\log4j-to-slf4j\2.14.1\log4j-to-slf4j-2.14.1.jar;E:\0SDE\java_install\repository\org\apache\logging\log4j\log4j-api\2.14.1\log4j-api-2.14.1.jar;E:\0SDE\java_install\repository\org\slf4j\jul-to-slf4j\1.7.32\jul-to-slf4j-1.7.32.jar;E:\0SDE\java_install\repository\jakarta\annotation\jakarta.annotation-api\1.3.5\jakarta.annotation-api-1.3.5.jar;E:\0SDE\java_install\repository\org\springframework\spring-core\5.3.10\spring-core-5.3.10.jar;E:\0SDE\java_install\repository\org\springframework\spring-jcl\5.3.10\spring-jcl-5.3.10.jar;E:\0SDE\java_install\repository\org\yaml\snakeyaml\1.28\snakeyaml-1.28.jar;E:\0SDE\java_install\repository\org\springframework\boot\spring-boot-starter-validation\2.5.5\spring-boot-starter-validation-2.5.5.jar;E:\0SDE\java_install\repository\org\apache\tomcat\embed\tomcat-embed-el\9.0.53\tomcat-embed-el-9.0.53.jar;E:\0SDE\java_install\repository\org\hibernate\validator\hibernate-validator\6.2.0.Final\hibernate-validator-6.2.0.Final.jar;E:\0SDE\java_install\repository\jakarta\validation\jakarta.validation-api\2.0.2\jakarta.validation-api-2.0.2.jar;E:\0SDE\java_install\repository\org\jboss\logging\jboss-logging\3.4.2.Final\jboss-logging-3.4.2.Final.jar;E:\0SDE\java_install\repository\com\fasterxml\classmate\1.5.1\classmate-1.5.1.jar;E:\0SDE\java_install\repository\org\springframework\boot\spring-boot-starter-test\2.5.5\spring-boot-starter-test-2.5.5.jar;E:\0SDE\java_install\repository\org\springframework\boot\spring-boot-test\2.5.5\spring-boot-test-2.5.5.jar;E:\0SDE\java_install\repository\org\springframework\boot\spring-boot-test-autoconfigure\2.5.5\spring-boot-test-autoconfigure-2.5.5.jar;E:\0SDE\java_install\repository\com\jayway\jsonpath\json-path\2.5.0\json-path-2.5.0.jar;E:\0SDE\java_install\repository\net\minidev\json-smart\2.4.7\json-smart-2.4.7.jar;E:\0SDE\java_install\repository\net\minidev\accessors-smart\2.4.7\accessors-smart-2.4.7.jar;E:\0SDE\java_install\repository\org\ow2\asm\asm\9.1\asm-9.1.jar;E:\0SDE\java_install\repository\org\slf4j\slf4j-api\1.7.32\slf4j-api-1.7.32.jar;E:\0SDE\java_install\repository\jakarta\xml\bind\jakarta.xml.bind-api\2.3.3\jakarta.xml.bind-api-2.3.3.jar;E:\0SDE\java_install\repository\jakarta\activation\jakarta.activation-api\1.2.2\jakarta.activation-api-1.2.2.jar;E:\0SDE\java_install\repository\org\assertj\assertj-core\3.19.0\assertj-core-3.19.0.jar;E:\0SDE\java_install\repository\org\hamcrest\hamcrest\2.2\hamcrest-2.2.jar;E:\0SDE\java_install\repository\org\junit\jupiter\junit-jupiter\5.7.2\junit-jupiter-5.7.2.jar;E:\0SDE\java_install\repository\org\junit\jupiter\junit-jupiter-api\5.7.2\junit-jupiter-api-5.7.2.jar;E:\0SDE\java_install\repository\org\apiguardian\apiguardian-api\1.1.0\apiguardian-api-1.1.0.jar;E:\0SDE\java_install\repository\org\opentest4j\opentest4j\1.2.0\opentest4j-1.2.0.jar;E:\0SDE\java_install\repository\org\junit\platform\junit-platform-commons\1.7.2\junit-platform-commons-1.7.2.jar;E:\0SDE\java_install\repository\org\junit\jupiter\junit-jupiter-params\5.7.2\junit-jupiter-params-5.7.2.jar;E:\0SDE\java_install\repository\org\junit\jupiter\junit-jupiter-engine\5.7.2\junit-jupiter-engine-5.7.2.jar;E:\0SDE\java_install\repository\org\junit\platform\junit-platform-engine\1.7.2\junit-platform-engine-1.7.2.jar;E:\0SDE\java_install\repository\org\mockito\mockito-core\3.11.2\mockito-core-3.11.2.jar;E:\0SDE\java_install\repository\net\bytebuddy\byte-buddy\1.10.22\byte-buddy-1.10.22.jar;E:\0SDE\java_install\repository\net\bytebuddy\byte-buddy-agent\1.10.22\byte-buddy-agent-1.10.22.jar;E:\0SDE\java_install\repository\org\objenesis\objenesis\3.2\objenesis-3.2.jar;E:\0SDE\java_install\repository\org\mockito\mockito-junit-jupiter\3.9.0\mockito-junit-jupiter-3.9.0.jar;E:\0SDE\java_install\repository\org\skyscreamer\jsonassert\1.5.0\jsonassert-1.5.0.jar;E:\0SDE\java_install\repository\com\vaadin\external\google\android-json\0.0.20131108.vaadin1\android-json-0.0.20131108.vaadin1.jar;E:\0SDE\java_install\repository\org\springframework\spring-test\5.3.10\spring-test-5.3.10.jar;E:\0SDE\java_install\repository\org\xmlunit\xmlunit-core\2.8.2\xmlunit-core-2.8.2.jar;"/>
    <property name="sun.cpu.endian" value="little"/>
    <property name="user.home" value="C:\Users\Leland"/>
    <property name="user.language" value="zh"/>
    <property name="java.specification.vendor" value="Oracle Corporation"/>
    <property name="java.version.date" value="2022-04-22"/>
    <property name="java.home" value="C:\Program Files\Java\jdk-18.0.1.1"/>
    <property name="file.separator" value="\"/>
    <property name="basedir" value="E:\desktop\spring-cloud\distributed-cache\cache-common"/>
    <property name="java.vm.compressedOopsMode" value="Zero based"/>
    <property name="line.separator" value="&#10;"/>
    <property name="java.vm.specification.vendor" value="Oracle Corporation"/>
    <property name="java.specification.name" value="Java Platform API Specification"/>
    <property name="FILE_LOG_CHARSET" value="UTF-8"/>
    <property name="java.awt.headless" value="true"/>
    <property name="surefire.real.class.path" value="C:\Users\Leland\AppData\Local\Temp\surefire6080469969861675625\surefirebooter14705332840801924988.jar"/>
    <property name="user.script" value=""/>
    <property name="sun.management.compiler" value="HotSpot 64-Bit Tiered Compilers"/>
    <property name="java.runtime.version" value="18.0.1.1+2-6"/>
    <property name="user.name" value="Leland"/>
    <property name="path.separator" value=";"/>
    <property name="os.version" value="10.0"/>
    <property name="java.runtime.name" value="Java(TM) SE Runtime Environment"/>
    <property name="file.encoding" value="UTF-8"/>
    <property name="spring.beaninfo.ignore" value="true"/>
    <property name="java.vm.name" value="Java HotSpot(TM) 64-Bit Server VM"/>
    <property name="localRepository" value="E:\0SDE\java_install\repository"/>
    <property name="java.vendor.url.bug" value="https://bugreport.java.com/bugreport/"/>
    <property name="java.io.tmpdir" value="C:\Users\Leland\AppData\Local\Temp\"/>
    <property name="idea.version" value="2024.1.2"/>
    <property name="java.version" value="18.0.1.1"/>
    <property name="user.dir" value="E:\desktop\spring-cloud\distributed-cache\cache-common"/>
    <property name="os.arch" value="amd64"/>
    <property name="java.vm.specification.name" value="Java Virtual Machine Specification"/>
    <property name="PID" value="45344"/>
    <property name="sun.os.patch.level" value=""/>
    <property name="CONSOLE_LOG_CHARSET" value="UTF-8"/>
    <property name="native.encoding" value="GBK"/>
    <property name="java.library.path" value="C:\Program Files\Java\jdk-18.0.1.1\bin;C:\Windows\Sun\Java\bin;C:\Windows\system32;C:\Windows;C:\Program Files\Microsoft MPI\Bin\;D:\Program Files\Java\jdk-17\bin;C:\Python311\Scripts\;C:\Python311\;D:\Program Files\ImageMagick-7.1.0-Q16-HDRI;C:\Program Files\Common Files\Oracle\Java\javapath;E:\Program Files (x86)\VMware\bin\;C:\Program Files (x86)\Common Files\Oracle\Java\javapath;C:\Windows\system32;C:\Windows;C:\Windows\System32\Wbem;C:\Windows\System32\WindowsPowerShell\v1.0\;C:\Windows\System32\OpenSSH\;E:\0SDE\java_install\apache-maven-3.8.2\bin;C:\Program Files\Microsoft SQL Server\150\Tools\Binn\;C:\Program Files\dotnet\;C:\Program Files\Microsoft SQL Server\Client SDK\ODBC\170\Tools\Binn\;C:\Program Files\MySQL\MySQL Server 8.0\bin\;D:\Program Files (x86)\Rational\Common;C:\ProgramData\chocolatey\bin;D:\Program Files\PuTTY\;D:\Program Files (x86)\Gpg4win\..\GnuPG\bin;D:\GitFile\Git\cmd;E:\Program Files (x86)\ffmpeg\bin;E:\ProgramData\Anaconda3\condabin;E:\ProgramData\Anaconda3;E:\ProgramData\Anaconda3\Scripts;E:\ProgramData\Anaconda3\Library\bin;C:\Users\Leland\AppData\Roaming\local\bin;C:\Program Files\Java\jdk-18.0.1.1\bin;C:\Users\Leland\AppData\Roaming\Python\Python310\Scripts;C:\Program Files\Pandoc\;C:\wget;D:\Program Files\nodejs\;C:\Users\Leland\AppData\Local\Microsoft\WindowsApps;C:\Program Files\Mullvad VPN\resources;F:\Program Files\Kubernetes\Minikube;D:\Program Files\Amazon\AWSCLIV2\;E:\Program Files\Amazon\AWSSAMCLI\bin\;E:\Program Files (x86)\PowerShell\7\;E:\Program Files\Java\jdk-21\bin;C:\Windows\System32\OpenSSH;C:\Program Files\Docker\Docker\resources\bin;E:\Program Files\Go\bin;C:\Program Files (x86)\sbt\bin;C:\Program Files\MySQL\MySQL Shell 8.0\bin\;C:\Program Files\Java\jdk1.8.0_291\bin;C:\Program Files\Java\jdk1.8.0_291\jre\bin;D:\Program Files\JetBrains\IntelliJ IDEA 2021\bin;d:\Program Files\JetBrains\WebStorm 2021.1.2\bin;C:\Users\Leland\AppData\Local\GitHubDesktop\bin;D:\Program Files\JetBrains\PyCharm 2020.3.5\bin;D:\Program Files\JetBrains\DataGrip 2021.1.3\bin;C:\Users\Leland\.dotnet\tools;C:\Users\Leland\AppData\Roaming\cabal\bin;C:\Users\Leland\AppData\Local\Programs\Microsoft VS Code\bin;E:\Program Files (x86)\ffmpeg\bin;D:\Program Files\Fiddler;C:\Users\Leland\AppData\Roaming\npm;D:\Program Files\Java\jdk-17\bin;D:\Program Files\JetBrains\IntelliJ IDEA 2023.1.2\bin;;E:\Program Files\Java\jdk-21\bin;C:\Users\Leland\go\bin;e:\Program Files\JetBrains\GoLand\bin;;E:\Program Files\JetBrains\PyCharm 2023.3.5\bin;;C:\Users\Leland\AppData\Local\Coursier\data\bin;E:\Program Files\JetBrains\IntelliJ IDEA 2024.1.2\bin;;."/>
    <property name="java.vm.info" value="mixed mode, sharing"/>
    <property name="java.vendor" value="Oracle Corporation"/>
    <property name="java.vm.version" value="18.0.1.1+2-6"/>
    <property name="sun.io.unicode.encoding" value="UnicodeLittle"/>
    <property name="maven.repo.local" value="E:\0SDE\java_install\repository"/>
    <property name="java.class.version" value="62.0"/>
  </properties>
  <testcase name="contextLoads" classname="com.lanlan.cachecommon.CacheCommonApplicationTests" time="0.433">
    <system-out><![CDATA[12:17:42.115 [main] DEBUG org.springframework.test.context.BootstrapUtils - Instantiating CacheAwareContextLoaderDelegate from class [org.springframework.test.context.cache.DefaultCacheAwareContextLoaderDelegate]
12:17:42.135 [main] DEBUG org.springframework.test.context.BootstrapUtils - Instantiating BootstrapContext using constructor [public org.springframework.test.context.support.DefaultBootstrapContext(java.lang.Class,org.springframework.test.context.CacheAwareContextLoaderDelegate)]
12:17:42.183 [main] DEBUG org.springframework.test.context.BootstrapUtils - Instantiating TestContextBootstrapper for test class [com.lanlan.cachecommon.CacheCommonApplicationTests] from class [org.springframework.boot.test.context.SpringBootTestContextBootstrapper]
12:17:42.200 [main] INFO org.springframework.boot.test.context.SpringBootTestContextBootstrapper - Neither @ContextConfiguration nor @ContextHierarchy found for test class [com.lanlan.cachecommon.CacheCommonApplicationTests], using SpringBootContextLoader
12:17:42.207 [main] DEBUG org.springframework.test.context.support.AbstractContextLoader - Did not detect default resource location for test class [com.lanlan.cachecommon.CacheCommonApplicationTests]: class path resource [com/lanlan/cachecommon/CacheCommonApplicationTests-context.xml] does not exist
12:17:42.207 [main] DEBUG org.springframework.test.context.support.AbstractContextLoader - Did not detect default resource location for test class [com.lanlan.cachecommon.CacheCommonApplicationTests]: class path resource [com/lanlan/cachecommon/CacheCommonApplicationTestsContext.groovy] does not exist
12:17:42.207 [main] INFO org.springframework.test.context.support.AbstractContextLoader - Could not detect default resource locations for test class [com.lanlan.cachecommon.CacheCommonApplicationTests]: no resource found for suffixes {-context.xml, Context.groovy}.
12:17:42.208 [main] INFO org.springframework.test.context.support.AnnotationConfigContextLoaderUtils - Could not detect default configuration classes for test class [com.lanlan.cachecommon.CacheCommonApplicationTests]: CacheCommonApplicationTests does not declare any static, non-private, non-final, nested classes annotated with @Configuration.
12:17:42.271 [main] DEBUG org.springframework.test.context.support.ActiveProfilesUtils - Could not find an 'annotation declaring class' for annotation type [org.springframework.test.context.ActiveProfiles] and class [com.lanlan.cachecommon.CacheCommonApplicationTests]
12:17:42.366 [main] DEBUG org.springframework.context.annotation.ClassPathScanningCandidateComponentProvider - Identified candidate component class: file [E:\desktop\spring-cloud\distributed-cache\cache-common\target\classes\com\lanlan\cachecommon\CacheCommonApplication.class]
12:17:42.367 [main] INFO org.springframework.boot.test.context.SpringBootTestContextBootstrapper - Found @SpringBootConfiguration com.lanlan.cachecommon.CacheCommonApplication for test class com.lanlan.cachecommon.CacheCommonApplicationTests
12:17:42.511 [main] DEBUG org.springframework.boot.test.context.SpringBootTestContextBootstrapper - @TestExecutionListeners is not present for class [com.lanlan.cachecommon.CacheCommonApplicationTests]: using defaults.
12:17:42.512 [main] INFO org.springframework.boot.test.context.SpringBootTestContextBootstrapper - Loaded default TestExecutionListener class names from location [META-INF/spring.factories]: [org.springframework.boot.test.mock.mockito.MockitoTestExecutionListener, org.springframework.boot.test.mock.mockito.ResetMocksTestExecutionListener, org.springframework.boot.test.autoconfigure.restdocs.RestDocsTestExecutionListener, org.springframework.boot.test.autoconfigure.web.client.MockRestServiceServerResetTestExecutionListener, org.springframework.boot.test.autoconfigure.web.servlet.MockMvcPrintOnlyOnFailureTestExecutionListener, org.springframework.boot.test.autoconfigure.web.servlet.WebDriverTestExecutionListener, org.springframework.boot.test.autoconfigure.webservices.client.MockWebServiceServerTestExecutionListener, org.springframework.test.context.web.ServletTestExecutionListener, org.springframework.test.context.support.DirtiesContextBeforeModesTestExecutionListener, org.springframework.test.context.event.ApplicationEventsTestExecutionListener, org.springframework.test.context.support.DependencyInjectionTestExecutionListener, org.springframework.test.context.support.DirtiesContextTestExecutionListener, org.springframework.test.context.transaction.TransactionalTestExecutionListener, org.springframework.test.context.jdbc.SqlScriptsTestExecutionListener, org.springframework.test.context.event.EventPublishingTestExecutionListener]
12:17:42.527 [main] DEBUG org.springframework.boot.test.context.SpringBootTestContextBootstrapper - Skipping candidate TestExecutionListener [org.springframework.test.context.web.ServletTestExecutionListener] due to a missing dependency. Specify custom listener classes or make the default listener classes and their required dependencies available. Offending class: [javax/servlet/ServletContext]
12:17:42.529 [main] DEBUG org.springframework.boot.test.context.SpringBootTestContextBootstrapper - Skipping candidate TestExecutionListener [org.springframework.test.context.transaction.TransactionalTestExecutionListener] due to a missing dependency. Specify custom listener classes or make the default listener classes and their required dependencies available. Offending class: [org/springframework/transaction/interceptor/TransactionAttributeSource]
12:17:42.531 [main] DEBUG org.springframework.boot.test.context.SpringBootTestContextBootstrapper - Skipping candidate TestExecutionListener [org.springframework.test.context.jdbc.SqlScriptsTestExecutionListener] due to a missing dependency. Specify custom listener classes or make the default listener classes and their required dependencies available. Offending class: [org/springframework/transaction/interceptor/TransactionAttribute]
12:17:42.531 [main] INFO org.springframework.boot.test.context.SpringBootTestContextBootstrapper - Using TestExecutionListeners: [org.springframework.test.context.support.DirtiesContextBeforeModesTestExecutionListener@56c4278e, org.springframework.test.context.event.ApplicationEventsTestExecutionListener@301eda63, org.springframework.boot.test.mock.mockito.MockitoTestExecutionListener@3d246ea3, org.springframework.boot.test.autoconfigure.SpringBootDependencyInjectionTestExecutionListener@341814d3, org.springframework.test.context.support.DirtiesContextTestExecutionListener@4397ad89, org.springframework.test.context.event.EventPublishingTestExecutionListener@59cba5a, org.springframework.boot.test.mock.mockito.ResetMocksTestExecutionListener@1bd39d3c, org.springframework.boot.test.autoconfigure.restdocs.RestDocsTestExecutionListener@6f19ac19, org.springframework.boot.test.autoconfigure.web.client.MockRestServiceServerResetTestExecutionListener@119cbf96, org.springframework.boot.test.autoconfigure.web.servlet.MockMvcPrintOnlyOnFailureTestExecutionListener@71329995, org.springframework.boot.test.autoconfigure.web.servlet.WebDriverTestExecutionListener@768fc0f2, org.springframework.boot.test.autoconfigure.webservices.client.MockWebServiceServerTestExecutionListener@5454d35e]
12:17:42.535 [main] DEBUG org.springframework.test.context.support.AbstractDirtiesContextTestExecutionListener - Before test class: context [DefaultTestContext@7d9e8ef7 testClass = CacheCommonApplicationTests, testInstance = [null], testMethod = [null], testException = [null], mergedContextConfiguration = [MergedContextConfiguration@f107c50 testClass = CacheCommonApplicationTests, locations = '{}', classes = '{class com.lanlan.cachecommon.CacheCommonApplication}', contextInitializerClasses = '[]', activeProfiles = '{}', propertySourceLocations = '{}', propertySourceProperties = '{org.springframework.boot.test.context.SpringBootTestContextBootstrapper=true}', contextCustomizers = set[org.springframework.boot.test.context.filter.ExcludeFilterContextCustomizer@247d8ae, org.springframework.boot.test.json.DuplicateJsonObjectContextCustomizerFactory$DuplicateJsonObjectContextCustomizer@6c130c45, org.springframework.boot.test.mock.mockito.MockitoContextCustomizer@0, org.springframework.boot.test.web.client.TestRestTemplateContextCustomizer@3fb1549b, org.springframework.boot.test.autoconfigure.actuate.metrics.MetricsExportContextCustomizerFactory$DisableMetricExportContextCustomizer@3d5c822d, org.springframework.boot.test.autoconfigure.properties.PropertyMappingContextCustomizer@0, org.springframework.boot.test.autoconfigure.web.servlet.WebDriverContextCustomizerFactory$Customizer@71def8f8, org.springframework.boot.test.context.SpringBootTestArgs@1, org.springframework.boot.test.context.SpringBootTestWebEnvironment@5f3a4b84], contextLoader = 'org.springframework.boot.test.context.SpringBootContextLoader', parent = [null]], attributes = map[[empty]]], class annotated with @DirtiesContext [false] with mode [null].
12:17:42.550 [main] DEBUG org.springframework.test.context.support.DependencyInjectionTestExecutionListener - Performing dependency injection for test context [[DefaultTestContext@7d9e8ef7 testClass = CacheCommonApplicationTests, testInstance = com.lanlan.cachecommon.CacheCommonApplicationTests@1fb669c3, testMethod = [null], testException = [null], mergedContextConfiguration = [MergedContextConfiguration@f107c50 testClass = CacheCommonApplicationTests, locations = '{}', classes = '{class com.lanlan.cachecommon.CacheCommonApplication}', contextInitializerClasses = '[]', activeProfiles = '{}', propertySourceLocations = '{}', propertySourceProperties = '{org.springframework.boot.test.context.SpringBootTestContextBootstrapper=true}', contextCustomizers = set[org.springframework.boot.test.context.filter.ExcludeFilterContextCustomizer@247d8ae, org.springframework.boot.test.json.DuplicateJsonObjectContextCustomizerFactory$DuplicateJsonObjectContextCustomizer@6c130c45, org.springframework.boot.test.mock.mockito.MockitoContextCustomizer@0, org.springframework.boot.test.web.client.TestRestTemplateContextCustomizer@3fb1549b, org.springframework.boot.test.autoconfigure.actuate.metrics.MetricsExportContextCustomizerFactory$DisableMetricExportContextCustomizer@3d5c822d, org.springframework.boot.test.autoconfigure.properties.PropertyMappingContextCustomizer@0, org.springframework.boot.test.autoconfigure.web.servlet.WebDriverContextCustomizerFactory$Customizer@71def8f8, org.springframework.boot.test.context.SpringBootTestArgs@1, org.springframework.boot.test.context.SpringBootTestWebEnvironment@5f3a4b84], contextLoader = 'org.springframework.boot.test.context.SpringBootContextLoader', parent = [null]], attributes = map['org.springframework.test.context.event.ApplicationEventsTestExecutionListener.recordApplicationEvents' -> false]]].
12:17:42.595 [main] DEBUG org.springframework.test.context.support.TestPropertySourceUtils - Adding inlined properties to environment: {spring.jmx.enabled=false, org.springframework.boot.test.context.SpringBootTestContextBootstrapper=true}

  .   ____          _            __ _ _
 /\\ / ___'_ __ _ _(_)_ __  __ _ \ \ \ \
( ( )\___ | '_ | '_| | '_ \/ _` | \ \ \ \
 \\/  ___)| |_)| | | | | || (_| |  ) ) ) )
  '  |____| .__|_| |_|_| |_\__, | / / / /
 =========|_|==============|___/=/_/_/_/
 :: Spring Boot ::                (v2.5.5)

2024-07-16 12:17:43.021  INFO 45344 --- [           main] c.l.c.CacheCommonApplicationTests        : Starting CacheCommonApplicationTests using Java 18.0.1.1 on laptop with PID 45344 (started by Leland in E:\desktop\spring-cloud\distributed-cache\cache-common)
2024-07-16 12:17:43.023  INFO 45344 --- [           main] c.l.c.CacheCommonApplicationTests        : No active profile set, falling back to default profiles: default
2024-07-16 12:17:44.078  INFO 45344 --- [           main] c.l.c.CacheCommonApplicationTests        : Started CacheCommonApplicationTests in 1.479 seconds (JVM running for 2.767)
]]></system-out>
  </testcase>
</testsuite>